<?xml version="1.0" encoding="UTF-8"?>
<testng-results ignored="0" total="1" passed="1" failed="0" skipped="0">
  <reporter-output>
  </reporter-output>
  <suite started-at="2022-11-12T16:04:43 IST" name="Default suite" finished-at="2022-11-12T16:05:23 IST" duration-ms="40257">
    <groups>
    </groups>
    <test started-at="2022-11-12T16:04:43 IST" name="Default test" finished-at="2022-11-12T16:05:23 IST" duration-ms="40257">
      <class name="LaxmanHardWork.Tests.StandAloneTest">
        <test-method signature="SubmitOrder()[pri:0, instance:LaxmanHardWork.Tests.StandAloneTest@20140db9]" started-at="2022-11-12T16:04:43 IST" name="SubmitOrder" finished-at="2022-11-12T16:05:23 IST" duration-ms="40176" status="PASS">
          <reporter-output>
          </reporter-output>
        </test-method> <!-- SubmitOrder -->
      </class> <!-- LaxmanHardWork.Tests.StandAloneTest -->
    </test> <!-- Default test -->
  </suite> <!-- Default suite -->
</testng-results>
